2023-06-09T11:01:10.527693+0000 ERROR An asyncio.Future, a coroutine or an awaitable is required
2023-06-09T11:01:10.531081+0000 INFO Connect DB
2023-06-09T11:01:21.780166+0000 INFO Request to get note by id=1
2023-06-09T11:01:26.956665+0000 INFO Request to get note by id=2
2023-06-09T11:01:26.961499+0000 ERROR Error get note by id=2: list index out of range
2023-06-09T11:01:32.870418+0000 INFO Request to get note by id=1
2023-06-09T11:03:06.679478+0000 INFO Request to get note by id=1
2023-06-09T11:03:09.351990+0000 INFO Request to get note by id=2
2023-06-09T11:03:09.356613+0000 ERROR Error get note by id=2: list index out of range
2023-06-09T11:04:36.842158+0000 INFO Request to create note
2023-06-09T11:04:41.337952+0000 INFO Request to get note by id=2
2023-06-09T11:04:41.342336+0000 ERROR Error get note by id=2: list index out of range
2023-06-09T11:04:52.594610+0000 INFO Request to get note by id=3
2023-06-09T11:05:13.538752+0000 INFO Request to update note by id = 3
2023-06-09T11:05:17.548288+0000 INFO Request to get note by id=3
2023-06-09T11:05:34.667404+0000 INFO Request to delete note by id = 3
2023-06-09T11:05:38.137574+0000 INFO Request to get note by id=3
2023-06-09T11:05:38.143086+0000 ERROR Error get note by id=3: list index out of range
2023-06-09T11:05:53.405758+0000 INFO Request to get board by id = 1
2023-06-09T11:05:53.417979+0000 ERROR 'NoneType' object is not iterable
2023-06-09T11:05:53.418981+0000 ERROR Not found board by id=1
2023-06-09T11:06:08.051332+0000 INFO Request to get board by id = 2
2023-06-09T11:06:08.055014+0000 ERROR 'NoneType' object is not iterable
2023-06-09T11:06:08.056331+0000 ERROR Not found board by id=2
2023-06-09T11:06:13.021811+0000 INFO Request to get board by id = 3
2023-06-09T11:06:13.024572+0000 ERROR 'NoneType' object is not iterable
2023-06-09T11:06:13.025344+0000 ERROR Not found board by id=3
2023-06-09T11:07:22.000654+0000 INFO Request to create board
2023-06-09T11:07:27.717229+0000 INFO Request to get board by id = 3
2023-06-09T11:07:27.719993+0000 ERROR 'NoneType' object is not iterable
2023-06-09T11:07:27.720835+0000 ERROR Not found board by id=3
2023-06-09T11:07:31.246672+0000 INFO Request to get board by id = 2
2023-06-09T11:07:52.265255+0000 INFO Request to update board by id = 2
2023-06-09T11:07:57.548770+0000 INFO Request to get board by id = 2
2023-06-09T11:08:18.469227+0000 INFO Request to pin note 1 on board 1
2023-06-09T11:08:18.473429+0000 ERROR insert or update on table "note_on_board" violates foreign key constraint "note_on_board_id_board_fkey"
DETAIL:  Key (id_board)=(1) is not present in table "boards".
2023-06-09T11:08:18.474238+0000 ERROR Error pin note 1 on board 1: 
2023-06-09T11:08:31.091767+0000 INFO Request to pin note 1 on board 2
2023-06-09T11:08:36.502056+0000 INFO Request to get board by id = 2
2023-06-09T11:08:44.245750+0000 INFO Request to pin note 2 on board 2
2023-06-09T11:08:44.249712+0000 ERROR insert or update on table "note_on_board" violates foreign key constraint "note_on_board_id_fkey"
DETAIL:  Key (id)=(2) is not present in table "notes".
2023-06-09T11:08:44.251082+0000 ERROR Error pin note 2 on board 2: 
2023-06-09T11:08:48.960692+0000 INFO Request to pin note 3 on board 2
2023-06-09T11:08:48.964989+0000 ERROR insert or update on table "note_on_board" violates foreign key constraint "note_on_board_id_fkey"
DETAIL:  Key (id)=(3) is not present in table "notes".
2023-06-09T11:08:48.966502+0000 ERROR Error pin note 3 on board 2: 
2023-06-09T11:09:03.453931+0000 INFO Request to unpin note 1 on board 2
2023-06-09T11:09:08.004988+0000 INFO Request to unpin note 2 on board 2
2023-06-09T11:09:22.020926+0000 INFO Request to unpin note 2 on board 2
2023-06-09T11:09:38.377393+0000 INFO Request to get board by id = 2
2023-06-09T11:09:46.082668+0000 INFO Request to pin note 1 on board 2
2023-06-09T11:09:48.206206+0000 INFO Request to get board by id = 2
2023-06-09T11:09:58.143391+0000 INFO Request to delete board by id = 2
2023-06-09T11:10:01.125956+0000 INFO Request to get board by id = 2
2023-06-09T11:10:01.129670+0000 ERROR 'NoneType' object is not iterable
2023-06-09T11:10:01.131381+0000 ERROR Not found board by id=2
2023-06-09T11:10:06.875732+0000 INFO Request to get note by id=3
2023-06-09T11:10:06.880369+0000 ERROR Error get note by id=3: list index out of range
2023-06-09T11:10:10.331834+0000 INFO Request to get note by id=1
2023-06-09T11:10:35.045676+0000 INFO Request to create board
2023-06-09T11:10:52.473196+0000 INFO Request to get board by id = 3
2023-06-09T11:10:57.352152+0000 INFO Request to pin note 1 on board 3
2023-06-09T11:10:59.749415+0000 INFO Request to get board by id = 3
2023-06-09T11:11:03.413568+0000 INFO Request to get board by id = 3
2023-06-09T11:11:05.419593+0000 INFO Request to get board by id = 3
2023-06-09T11:11:06.451565+0000 INFO Request to get board by id = 3
2023-06-09T11:11:12.779246+0000 INFO Request to get note by id=1
2023-06-09T11:11:17.086755+0000 INFO Request to get board by id = 3
2023-06-09T11:11:27.357246+0000 INFO Request to unpin note 1 on board 3
2023-06-09T11:11:32.314478+0000 INFO Request to get board by id = 3
2023-06-09T11:11:35.805778+0000 INFO Request to get note by id=1
2023-06-09T11:11:59.013931+0000 INFO Disconnect DB
